<?xml version="1.0" encoding="UTF-8"?>
<testng-results ignored="0" total="1" passed="1" failed="0" skipped="0">
  <reporter-output>
  </reporter-output>
  <suite started-at="2023-09-20T10:38:19 IST" name="Opencart_Suite" finished-at="2023-09-20T10:42:39 IST" duration-ms="259981">
    <groups>
    </groups>
    <test started-at="2023-09-20T10:38:19 IST" name="Opencart_Test" finished-at="2023-09-20T10:42:39 IST" duration-ms="259981">
      <class name="test_cases.Tc_006_EndtoEndTesting">
        <test-method is-config="true" signature="setup(java.lang.String)[pri:0, instance:test_cases.Tc_006_EndtoEndTesting@27406a17]" started-at="2023-09-20T10:38:24 IST" name="setup" finished-at="2023-09-20T10:39:48 IST" duration-ms="83871" status="PASS">
          <params>
            <param index="0">
              <value>
                <![CDATA[chrome]]>
              </value>
            </param>
          </params>
          <reporter-output>
          </reporter-output>
        </test-method> <!-- setup -->
        <test-method signature="EndtoEndTest()[pri:0, instance:test_cases.Tc_006_EndtoEndTesting@27406a17]" started-at="2023-09-20T10:39:48 IST" name="EndtoEndTest" finished-at="2023-09-20T10:42:37 IST" duration-ms="169022" status="PASS">
          <reporter-output>
          </reporter-output>
        </test-method> <!-- EndtoEndTest -->
        <test-method is-config="true" signature="tearDown()[pri:0, instance:test_cases.Tc_006_EndtoEndTesting@27406a17]" started-at="2023-09-20T10:42:37 IST" name="tearDown" finished-at="2023-09-20T10:42:39 IST" duration-ms="2094" status="PASS">
          <reporter-output>
          </reporter-output>
        </test-method> <!-- tearDown -->
      </class> <!-- test_cases.Tc_006_EndtoEndTesting -->
    </test> <!-- Opencart_Test -->
  </suite> <!-- Opencart_Suite -->
</testng-results>
